C:\GIT PROJECTS\TSTACK\STACK (M)\DEBUG\MAIN.OBJ
C:\GIT PROJECTS\TSTACK\STACK (M)\DEBUG\VC110.PDB
C:\GIT PROJECTS\TSTACK\DEBUG\STACK (M).ILK
C:\GIT PROJECTS\TSTACK\DEBUG\STACK (M).EXE
C:\GIT PROJECTS\TSTACK\DEBUG\STACK (M).PDB
C:\Git Projects\TStack\Stack (m)\Debug\cl.command.1.tlog
C:\Git Projects\TStack\Stack (m)\Debug\CL.read.1.tlog
C:\Git Projects\TStack\Stack (m)\Debug\CL.write.1.tlog
C:\Git Projects\TStack\Stack (m)\Debug\link-cvtres.read.1.tlog
C:\Git Projects\TStack\Stack (m)\Debug\link-cvtres.write.1.tlog
C:\Git Projects\TStack\Stack (m)\Debug\link-rc.read.1.tlog
C:\Git Projects\TStack\Stack (m)\Debug\link-rc.write.1.tlog
C:\Git Projects\TStack\Stack (m)\Debug\link.16644-cvtres.read.1.tlog
C:\Git Projects\TStack\Stack (m)\Debug\link.16644-cvtres.write.1.tlog
C:\Git Projects\TStack\Stack (m)\Debug\link.16644-rc.read.1.tlog
C:\Git Projects\TStack\Stack (m)\Debug\link.16644-rc.write.1.tlog
C:\Git Projects\TStack\Stack (m)\Debug\link.16644.read.1.tlog
C:\Git Projects\TStack\Stack (m)\Debug\link.16644.write.1.tlog
C:\Git Projects\TStack\Stack (m)\Debug\link.command.1.tlog
C:\Git Projects\TStack\Stack (m)\Debug\link.read.1.tlog
C:\Git Projects\TStack\Stack (m)\Debug\link.write.1.tlog
C:\Git Projects\TStack\Stack (m)\Debug\vc110.idb
C:\Git Projects\TStack\Stack (m)\Debug\vc110.pdb
C:\Git Projects\TStack\Debug\Stack (m).pdb
C:\Git Projects\TStack\Debug\Stack (m).exe
C:\Git Projects\TStack\Debug\Stack (m).ilk
